# JRE version: Java(TM) SE Runtime Environment (16.0+36) (build 16+36-2231)
# Java VM: Java HotSpot(TM) 64-Bit Server VM (16+36-2231, mixed mode, sharing, tiered, compressed oops, g1 gc, windows-amd64)
GC Precious Log:
 CPUs: 4 total, 4 available
 Memory: 6006M
 Large Page Support: Disabled
 NUMA Support: Disabled
 Compressed Oops: Enabled (32-bit)
 Heap Region Size: 1M
 Heap Min Capacity: 8M
 Heap Initial Capacity: 94M
 Heap Max Capacity: 1502M
 Pre-touch: Disabled
 Parallel Workers: 4
 Concurrent Workers: 1
 Concurrent Refinement Workers: 4
 Periodic GC: Disabled
Heap:
 garbage-first heap   total 96256K, used 3453K [0x00000000a2200000, 0x0000000100000000)
  region size 1024K, 1 young (1024K), 1 survivors (1024K)
 Metaspace       used 12118K, committed 12352K, reserved 1064960K
  class space    used 1382K, committed 1472K, reserved 1048576K
GC Heap History (8 events):
Event: 3.923 GC heap before
{Heap before GC invocations=0 (full 0):
 garbage-first heap   total 96256K, used 12288K [0x00000000a2200000, 0x0000000100000000)
  region size 1024K, 13 young (13312K), 0 survivors (0K)
 Metaspace       used 11627K, committed 11904K, reserved 1064960K
  class space    used 1333K, committed 1472K, reserved 1048576K
}
Event: 3.929 GC heap after
{Heap after GC invocations=1 (full 0):
 garbage-first heap   total 96256K, used 3342K [0x00000000a2200000, 0x0000000100000000)
  region size 1024K, 2 young (2048K), 2 survivors (2048K)
 Metaspace       used 11627K, committed 11904K, reserved 1064960K
  class space    used 1333K, committed 1472K, reserved 1048576K
}
Event: 4.095 GC heap before
{Heap before GC invocations=1 (full 0):
 garbage-first heap   total 96256K, used 17678K [0x00000000a2200000, 0x0000000100000000)
  region size 1024K, 16 young (16384K), 2 survivors (2048K)
 Metaspace       used 11642K, committed 11904K, reserved 1064960K
  class space    used 1333K, committed 1472K, reserved 1048576K
}
Event: 4.099 GC heap after
{Heap after GC invocations=2 (full 0):
 garbage-first heap   total 96256K, used 3542K [0x00000000a2200000, 0x0000000100000000)
  region size 1024K, 1 young (1024K), 1 survivors (1024K)
 Metaspace       used 11642K, committed 11904K, reserved 1064960K
  class space    used 1333K, committed 1472K, reserved 1048576K
}
Event: 4.489 GC heap before
{Heap before GC invocations=2 (full 0):
 garbage-first heap   total 96256K, used 22998K [0x00000000a2200000, 0x0000000100000000)
  region size 1024K, 21 young (21504K), 1 survivors (1024K)
 Metaspace       used 12118K, committed 12352K, reserved 1064960K
  class space    used 1382K, committed 1472K, reserved 1048576K
}
Event: 4.490 GC heap after
{Heap after GC invocations=3 (full 0):
 garbage-first heap   total 96256K, used 3469K [0x00000000a2200000, 0x0000000100000000)
  region size 1024K, 1 young (1024K), 1 survivors (1024K)
 Metaspace       used 12118K, committed 12352K, reserved 1064960K
  class space    used 1382K, committed 1472K, reserved 1048576K
}
Event: 4.490 GC heap before
{Heap before GC invocations=3 (full 0):
 garbage-first heap   total 96256K, used 3469K [0x00000000a2200000, 0x0000000100000000)
  region size 1024K, 1 young (1024K), 1 survivors (1024K)
 Metaspace       used 12118K, committed 12352K, reserved 1064960K
  class space    used 1382K, committed 1472K, reserved 1048576K
}
Event: 4.491 GC heap after
{Heap after GC invocations=4 (full 0):
 garbage-first heap   total 96256K, used 3453K [0x00000000a2200000, 0x0000000100000000)
  region size 1024K, 1 young (1024K), 1 survivors (1024K)
 Metaspace       used 12118K, committed 12352K, reserved 1064960K
  class space    used 1382K, committed 1472K, reserved 1048576K
}

